<?xml version="1.0" encoding="UTF-8"?>
<!-- Generated by org.testng.reporters.JUnitXMLReporter -->
<testsuite ignored="0" hostname="Shubham" failures="0" tests="5" name="Test" time="126.658" errors="0" timestamp="2022-05-21T13:39:06 IST">
  <testcase classname="testNg.NewTest" name="testcase" time="0.123"/>
  <testcase classname="testNg.NewTest2" name="testCase" time="0.025"/>
  <testcase classname="testNg.Ex" name="TestCase1" time="0.003"/>
  <testcase classname="testNg.Ex" name="TestSample" time="0.003"/>
  <testcase classname="testNg.NewTest1" name="firstTestExamlpe" time="0.002"/>
</testsuite> <!-- Test -->
